<?xml version="1.0" encoding="UTF-8"?>
<!-- Generated by org.testng.reporters.JUnitReportReporter -->
<testsuite hostname="DESKTOP-PU8UPN8" failures="0" tests="3" name="com.crm.tests.HomePageTest" time="65.020" errors="0" timestamp="2023-05-31T21:20:38 IST" skipped="0">
  <testcase classname="com.crm.tests.HomePageTest" name="verifyHomePageTitleTest" time="19.781"/>
  <system-out/>
  <testcase classname="com.crm.tests.HomePageTest" name="verifyLoggedInUser" time="24.292"/>
  <system-out/>
  <testcase classname="com.crm.tests.HomePageTest" name="verifyClickOnContactsLinkTest" time="20.947"/>
  <system-out/>
</testsuite> <!-- com.crm.tests.HomePageTest -->
