<?xml version="1.0" encoding="UTF-8"?>
<!-- Generated by org.testng.reporters.JUnitReportReporter -->
<testsuite hostname="DESKTOP-PU8UPN8" failures="0" tests="5" name="com.crm.tests.ContactsPageTest" time="122.815" errors="0" timestamp="2023-05-31T21:20:38 IST" skipped="0">
  <testcase classname="com.crm.tests.ContactsPageTest" name="VerifyContactsLabelIsDisplayedTest" time="19.550"/>
  <system-out/>
  <testcase classname="com.crm.tests.ContactsPageTest" name="verifyContactIsChecked" time="23.172"/>
  <system-out/>
  <testcase classname="com.crm.tests.ContactsPageTest" name="verifyCreateNewContact" time="30.168"/>
  <system-out/>
  <testcase classname="com.crm.tests.ContactsPageTest" name="verifyCreateNewContact" time="23.959"/>
  <system-out/>
  <testcase classname="com.crm.tests.ContactsPageTest" name="verifyCreateNewContact" time="25.966"/>
  <system-out/>
</testsuite> <!-- com.crm.tests.ContactsPageTest -->
