<?xml version="1.0" encoding="UTF-8"?>
<!-- Generated by org.testng.reporters.JUnitReportReporter -->
<testsuite hostname="DESKTOP-PU8UPN8" failures="0" tests="1" name="com.crm.tests.LoginPageTest" time="28.617" errors="0" timestamp="2023-06-01T21:13:17 IST" skipped="0">
  <testcase classname="com.crm.tests.LoginPageTest" name="verifyLandingPageTitle" time="28.617"/>
  <system-out/>
</testsuite> <!-- com.crm.tests.LoginPageTest -->
