<?xml version="1.0" encoding="UTF-8"?>
<!-- Generated by org.testng.reporters.JUnitReportReporter -->
<testsuite hostname="DESKTOP-PU8UPN8" failures="0" tests="1" name="com.crm.tests.LoginPageTest" time="23.888" errors="0" timestamp="2023-06-04T00:25:54 IST" skipped="0">
  <testcase classname="com.crm.tests.LoginPageTest" name="verifyLogin" time="23.888"/>
  <system-out/>
</testsuite> <!-- com.crm.tests.LoginPageTest -->
